<?xml version="1.0" encoding="UTF-8"?>
<!-- Generated by org.testng.reporters.JUnitReportReporter -->
<testsuite hostname="Chinni" failures="0" tests="1" name="Com.hrm.Utils.Readdataproperties" time="0.017" errors="0" timestamp="2022-08-17T14:23:20 IST" skipped="0">
  <testcase classname="Com.hrm.Utils.Readdataproperties" name="display" time="0.017"/>
  <system-out/>
</testsuite> <!-- Com.hrm.Utils.Readdataproperties -->
