<?xml version="1.0" encoding="UTF-8"?>
<!-- Generated by org.testng.reporters.JUnitReportReporter -->
<testsuite hostname="Chinni" failures="0" tests="1" name="Com.hrm.MainTestScripts.Ecommercelogintest" time="22.091" errors="0" timestamp="2022-12-15T15:28:39 IST" skipped="0">
  <testcase classname="Com.hrm.MainTestScripts.Ecommercelogintest" name="Display" time="22.091"/>
  <system-out/>
</testsuite> <!-- Com.hrm.MainTestScripts.Ecommercelogintest -->
