<?xml version="1.0" encoding="UTF-8"?>
<!-- Generated by org.testng.reporters.JUnitReportReporter -->
<testsuite hostname="Chinni" failures="0" tests="1" name="Com.Ecommerce.Utils.ReaddataExcelSheet" time="0.757" errors="0" timestamp="2022-09-08T20:23:24 IST" skipped="0">
  <testcase classname="Com.Ecommerce.Utils.ReaddataExcelSheet" name="display" time="0.757"/>
  <system-out/>
</testsuite> <!-- Com.Ecommerce.Utils.ReaddataExcelSheet -->
